22:42:12.276  [main] DEBUG org.apache.poi.openxml4j.opc.PackageRelationshipCollection - Parsing relationship: /xl/worksheets/_rels/sheet1.xml.rels
22:42:12.278  [main] DEBUG org.apache.poi.openxml4j.opc.PackageRelationshipCollection - Parsing relationship: /xl/worksheets/_rels/sheet2.xml.rels
22:42:12.278  [main] DEBUG org.apache.poi.openxml4j.opc.PackageRelationshipCollection - Parsing relationship: /_rels/.rels
22:42:12.290  [main] DEBUG org.apache.poi.openxml4j.opc.PackageRelationshipCollection - Parsing relationship: /xl/_rels/workbook.xml.rels
22:42:12.290  [main] DEBUG org.apache.poi.openxml4j.opc.PackageRelationshipCollection - Parsing relationship: /xl/worksheets/_rels/sheet1.xml.rels
22:42:12.291  [main] DEBUG org.apache.poi.openxml4j.opc.PackageRelationshipCollection - Parsing relationship: /xl/worksheets/_rels/sheet2.xml.rels
22:42:12.293  [main] DEBUG org.apache.poi.openxml4j.opc.PackageRelationshipCollection - Parsing relationship: /_rels/.rels
22:42:12.309  [main] DEBUG org.apache.poi.openxml4j.opc.PackageRelationshipCollection - Parsing relationship: /xl/_rels/workbook.xml.rels
22:42:12.310  [main] DEBUG org.apache.poi.openxml4j.opc.PackageRelationshipCollection - Parsing relationship: /xl/worksheets/_rels/sheet1.xml.rels
22:42:12.310  [main] DEBUG org.apache.poi.openxml4j.opc.PackageRelationshipCollection - Parsing relationship: /xl/worksheets/_rels/sheet2.xml.rels
22:42:12.310  [main] DEBUG org.apache.poi.openxml4j.opc.PackageRelationshipCollection - Parsing relationship: /_rels/.rels
22:42:12.328  [main] DEBUG org.apache.poi.openxml4j.opc.PackageRelationshipCollection - Parsing relationship: /xl/_rels/workbook.xml.rels
22:42:12.328  [main] DEBUG org.apache.poi.openxml4j.opc.PackageRelationshipCollection - Parsing relationship: /xl/worksheets/_rels/sheet1.xml.rels
22:42:12.329  [main] DEBUG org.apache.poi.openxml4j.opc.PackageRelationshipCollection - Parsing relationship: /xl/worksheets/_rels/sheet2.xml.rels
22:42:12.329  [main] DEBUG org.apache.poi.openxml4j.opc.PackageRelationshipCollection - Parsing relationship: /_rels/.rels
22:42:12.341  [main] DEBUG org.apache.poi.openxml4j.opc.PackageRelationshipCollection - Parsing relationship: /xl/_rels/workbook.xml.rels
22:42:12.342  [main] DEBUG org.apache.poi.openxml4j.opc.PackageRelationshipCollection - Parsing relationship: /xl/worksheets/_rels/sheet1.xml.rels
22:42:12.343  [main] DEBUG org.apache.poi.openxml4j.opc.PackageRelationshipCollection - Parsing relationship: /xl/worksheets/_rels/sheet2.xml.rels
22:42:12.343  [main] DEBUG org.apache.poi.openxml4j.opc.PackageRelationshipCollection - Parsing relationship: /_rels/.rels
22:42:12.360  [main] DEBUG org.apache.poi.openxml4j.opc.PackageRelationshipCollection - Parsing relationship: /xl/_rels/workbook.xml.rels
22:42:12.361  [main] DEBUG org.apache.poi.openxml4j.opc.PackageRelationshipCollection - Parsing relationship: /xl/worksheets/_rels/sheet1.xml.rels
22:42:12.361  [main] DEBUG org.apache.poi.openxml4j.opc.PackageRelationshipCollection - Parsing relationship: /xl/worksheets/_rels/sheet2.xml.rels
22:42:12.362  [main] DEBUG org.apache.poi.openxml4j.opc.PackageRelationshipCollection - Parsing relationship: /_rels/.rels
22:42:12.377  [main] DEBUG org.apache.poi.openxml4j.opc.PackageRelationshipCollection - Parsing relationship: /xl/_rels/workbook.xml.rels
22:42:12.378  [main] DEBUG org.apache.poi.openxml4j.opc.PackageRelationshipCollection - Parsing relationship: /xl/worksheets/_rels/sheet1.xml.rels
22:42:12.378  [main] DEBUG org.apache.poi.openxml4j.opc.PackageRelationshipCollection - Parsing relationship: /xl/worksheets/_rels/sheet2.xml.rels
22:42:12.379  [main] DEBUG org.apache.poi.openxml4j.opc.PackageRelationshipCollection - Parsing relationship: /_rels/.rels
22:42:12.398  [main] DEBUG org.apache.poi.openxml4j.opc.PackageRelationshipCollection - Parsing relationship: /xl/_rels/workbook.xml.rels
22:42:12.399  [main] DEBUG org.apache.poi.openxml4j.opc.PackageRelationshipCollection - Parsing relationship: /xl/worksheets/_rels/sheet1.xml.rels
22:42:12.399  [main] DEBUG org.apache.poi.openxml4j.opc.PackageRelationshipCollection - Parsing relationship: /xl/worksheets/_rels/sheet2.xml.rels
22:42:12.400  [main] DEBUG org.apache.poi.openxml4j.opc.PackageRelationshipCollection - Parsing relationship: /_rels/.rels
22:42:12.412  [main] DEBUG org.apache.poi.openxml4j.opc.PackageRelationshipCollection - Parsing relationship: /xl/_rels/workbook.xml.rels
22:42:12.412  [main] DEBUG org.apache.poi.openxml4j.opc.PackageRelationshipCollection - Parsing relationship: /xl/worksheets/_rels/sheet1.xml.rels
22:42:12.413  [main] DEBUG org.apache.poi.openxml4j.opc.PackageRelationshipCollection - Parsing relationship: /xl/worksheets/_rels/sheet2.xml.rels
22:42:12.413  [main] DEBUG org.apache.poi.openxml4j.opc.PackageRelationshipCollection - Parsing relationship: /_rels/.rels
22:42:12.429  [main] DEBUG org.apache.poi.openxml4j.opc.PackageRelationshipCollection - Parsing relationship: /xl/_rels/workbook.xml.rels
22:42:12.429  [main] DEBUG org.apache.poi.openxml4j.opc.PackageRelationshipCollection - Parsing relationship: /xl/worksheets/_rels/sheet1.xml.rels
22:42:12.430  [main] DEBUG org.apache.poi.openxml4j.opc.PackageRelationshipCollection - Parsing relationship: /xl/worksheets/_rels/sheet2.xml.rels
22:42:12.431  [main] DEBUG org.apache.poi.openxml4j.opc.PackageRelationshipCollection - Parsing relationship: /_rels/.rels
22:42:12.446  [main] DEBUG org.apache.poi.openxml4j.opc.PackageRelationshipCollection - Parsing relationship: /xl/_rels/workbook.xml.rels
22:42:12.446  [main] DEBUG org.apache.poi.openxml4j.opc.PackageRelationshipCollection - Parsing relationship: /xl/worksheets/_rels/sheet1.xml.rels
22:42:12.447  [main] DEBUG org.apache.poi.openxml4j.opc.PackageRelationshipCollection - Parsing relationship: /xl/worksheets/_rels/sheet2.xml.rels
22:42:12.448  [main] DEBUG org.apache.poi.openxml4j.opc.PackageRelationshipCollection - Parsing relationship: /_rels/.rels
22:42:12.467  [main] DEBUG org.apache.poi.openxml4j.opc.PackageRelationshipCollection - Parsing relationship: /xl/_rels/workbook.xml.rels
22:42:12.468  [main] DEBUG org.apache.poi.openxml4j.opc.PackageRelationshipCollection - Parsing relationship: /xl/worksheets/_rels/sheet1.xml.rels
22:42:12.468  [main] DEBUG org.apache.poi.openxml4j.opc.PackageRelationshipCollection - Parsing relationship: /xl/worksheets/_rels/sheet2.xml.rels
22:42:12.469  [main] DEBUG org.apache.poi.openxml4j.opc.PackageRelationshipCollection - Parsing relationship: /_rels/.rels
22:42:12.487  [main] DEBUG org.apache.poi.openxml4j.opc.PackageRelationshipCollection - Parsing relationship: /xl/_rels/workbook.xml.rels
22:42:12.488  [main] DEBUG org.apache.poi.openxml4j.opc.PackageRelationshipCollection - Parsing relationship: /xl/worksheets/_rels/sheet1.xml.rels
22:42:12.488  [main] DEBUG org.apache.poi.openxml4j.opc.PackageRelationshipCollection - Parsing relationship: /xl/worksheets/_rels/sheet2.xml.rels
22:42:12.489  [main] DEBUG org.apache.poi.openxml4j.opc.PackageRelationshipCollection - Parsing relationship: /_rels/.rels
22:42:12.505  [main] INFO  api.test.PetTest - ********************************************
22:42:12.505  [main] INFO  api.test.PetTest - ***** Starting testFindPetByPetIDGetResponse *****
22:42:12.505  [main] INFO  api.test.PetTest - Sending GET request to find pet with ID: 10
22:42:12.525  [main] INFO  api.utilities.RequestResponseFilter - ==================================================================
22:42:12.525  [main] INFO  api.utilities.RequestResponseFilter - ==================================================================
22:42:12.525  [main] INFO  api.utilities.RequestResponseFilter - cURL Command: 
curl -X GET 'https://petstore.swagger.io/v2/pet/10' -H 'Accept: application/json, application/javascript, text/javascript, text/json' -H 'Content-Type: application/json'
22:42:14.040  [main] INFO  api.utilities.RequestResponseFilter - ***************************************************************
22:42:14.042  [main] INFO  api.utilities.RequestResponseFilter - Response Status line: 
HTTP/1.1 200 OK
22:42:14.042  [main] INFO  api.utilities.RequestResponseFilter - Response Body: 
{
    "id": 10,
    "category": {
        "id": 123,
        "name": "Bird555"
    },
    "name": "Sona",
    "photoUrls": [
        "www.google.com",
        "www.facebook.com"
    ],
    "tags": [
        {
            "id": 11,
            "name": "Red"
        }
    ],
    "status": "available"
}
22:42:14.043  [main] INFO  api.utilities.RequestResponseFilter - Response Headers: 
Date=Thu, 28 Nov 2024 17:12:13 GMT
Content-Type=application/json
Transfer-Encoding=chunked
Connection=keep-alive
Access-Control-Allow-Origin=*
Access-Control-Allow-Methods=GET, POST, DELETE, PUT
Access-Control-Allow-Headers=Content-Type, api_key, Authorization
Server=Jetty(9.2.9.v20150224)
22:42:14.043  [main] INFO  api.utilities.RequestResponseFilter - ==================================================================
22:42:14.043  [main] INFO  api.utilities.RequestResponseFilter - ==================================================================
22:42:14.044  [main] INFO  api.test.PetTest - Asserting response data for pet ID: 10
22:42:14.923  [main] INFO  api.test.PetTest - ***** Finished testUpdateExistingPetPutResponse *****
22:42:14.923  [main] INFO  api.test.PetTest - ********************************************
22:42:14.931  [main] INFO  api.test.PetTest - ********************************************
22:42:14.932  [main] INFO  api.test.PetTest - ***** Starting testFindPetByPetIDGetResponse *****
22:42:14.933  [main] INFO  api.test.PetTest - Sending GET request to find pet with ID: 20
22:42:14.950  [main] INFO  api.utilities.RequestResponseFilter - ==================================================================
22:42:14.950  [main] INFO  api.utilities.RequestResponseFilter - ==================================================================
22:42:14.950  [main] INFO  api.utilities.RequestResponseFilter - cURL Command: 
curl -X GET 'https://petstore.swagger.io/v2/pet/20' -H 'Accept: application/json, application/javascript, text/javascript, text/json' -H 'Content-Type: application/json'
22:42:16.287  [main] INFO  api.utilities.RequestResponseFilter - ***************************************************************
22:42:16.288  [main] INFO  api.utilities.RequestResponseFilter - Response Status line: 
HTTP/1.1 200 OK
22:42:16.288  [main] INFO  api.utilities.RequestResponseFilter - Response Body: 
{
    "id": 20,
    "category": {
        "id": 234,
        "name": "Animal555"
    },
    "name": "Lucky",
    "photoUrls": [
        "www.google.com",
        "www.facebook.com"
    ],
    "tags": [
        {
            "id": 22,
            "name": "Black"
        }
    ],
    "status": "pending"
}
22:42:16.288  [main] INFO  api.utilities.RequestResponseFilter - Response Headers: 
Date=Thu, 28 Nov 2024 17:12:15 GMT
Content-Type=application/json
Transfer-Encoding=chunked
Connection=keep-alive
Access-Control-Allow-Origin=*
Access-Control-Allow-Methods=GET, POST, DELETE, PUT
Access-Control-Allow-Headers=Content-Type, api_key, Authorization
Server=Jetty(9.2.9.v20150224)
22:42:16.289  [main] INFO  api.utilities.RequestResponseFilter - ==================================================================
22:42:16.289  [main] INFO  api.utilities.RequestResponseFilter - ==================================================================
22:42:16.290  [main] INFO  api.test.PetTest - Asserting response data for pet ID: 20
22:42:16.306  [main] INFO  api.test.PetTest - ***** Finished testUpdateExistingPetPutResponse *****
22:42:16.306  [main] INFO  api.test.PetTest - ********************************************
22:42:16.313  [main] INFO  api.test.PetTest - ********************************************
22:42:16.313  [main] INFO  api.test.PetTest - ***** Starting testFindPetByPetIDGetResponse *****
22:42:16.313  [main] INFO  api.test.PetTest - Sending GET request to find pet with ID: 30
22:42:16.337  [main] INFO  api.utilities.RequestResponseFilter - ==================================================================
22:42:16.337  [main] INFO  api.utilities.RequestResponseFilter - ==================================================================
22:42:16.338  [main] INFO  api.utilities.RequestResponseFilter - cURL Command: 
curl -X GET 'https://petstore.swagger.io/v2/pet/30' -H 'Accept: application/json, application/javascript, text/javascript, text/json' -H 'Content-Type: application/json'
22:42:17.782  [main] INFO  api.utilities.RequestResponseFilter - ***************************************************************
22:42:17.784  [main] INFO  api.utilities.RequestResponseFilter - Response Status line: 
HTTP/1.1 200 OK
22:42:17.784  [main] INFO  api.utilities.RequestResponseFilter - Response Body: 
{
    "id": 30,
    "category": {
        "id": 345,
        "name": "Fish555"
    },
    "name": "Goldy",
    "photoUrls": [
        "www.google.com",
        "www.facebook.com"
    ],
    "tags": [
        {
            "id": 33,
            "name": "Golden"
        }
    ],
    "status": "sold"
}
22:42:17.784  [main] INFO  api.utilities.RequestResponseFilter - Response Headers: 
Date=Thu, 28 Nov 2024 17:12:17 GMT
Content-Type=application/json
Transfer-Encoding=chunked
Connection=keep-alive
Access-Control-Allow-Origin=*
Access-Control-Allow-Methods=GET, POST, DELETE, PUT
Access-Control-Allow-Headers=Content-Type, api_key, Authorization
Server=Jetty(9.2.9.v20150224)
22:42:17.784  [main] INFO  api.utilities.RequestResponseFilter - ==================================================================
22:42:17.784  [main] INFO  api.utilities.RequestResponseFilter - ==================================================================
22:42:17.785  [main] INFO  api.test.PetTest - Asserting response data for pet ID: 30
22:42:17.800  [main] INFO  api.test.PetTest - ***** Finished testUpdateExistingPetPutResponse *****
22:42:17.801  [main] INFO  api.test.PetTest - ********************************************
22:42:17.807  [main] INFO  api.test.PetTest - ********************************************
22:42:17.807  [main] INFO  api.test.PetTest - ***** Starting testUpdatePetPostResponse *****
22:42:17.816  [main] INFO  api.utilities.RequestResponseFilter - ==================================================================
22:42:17.817  [main] INFO  api.utilities.RequestResponseFilter - ==================================================================
22:42:17.817  [main] INFO  api.utilities.RequestResponseFilter - cURL Command: 
curl -X POST 'https://petstore.swagger.io/v2/pet/30' -H 'Accept: application/json, application/javascript, text/javascript, text/json' -H 'Content-Type: application/json'
22:42:19.239  [main] INFO  api.utilities.RequestResponseFilter - ***************************************************************
22:42:19.240  [main] INFO  api.utilities.RequestResponseFilter - Response Status line: 
HTTP/1.1 415 Unsupported Media Type
22:42:19.240  [main] INFO  api.utilities.RequestResponseFilter - Response Body: 
{
    "code": 415,
    "type": "unknown"
}
22:42:19.240  [main] INFO  api.utilities.RequestResponseFilter - Response Headers: 
Date=Thu, 28 Nov 2024 17:12:18 GMT
Content-Type=application/json
Transfer-Encoding=chunked
Connection=keep-alive
Access-Control-Allow-Origin=*
Access-Control-Allow-Methods=GET, POST, DELETE, PUT
Access-Control-Allow-Headers=Content-Type, api_key, Authorization
Server=Jetty(9.2.9.v20150224)
22:42:19.240  [main] INFO  api.utilities.RequestResponseFilter - ==================================================================
22:42:19.240  [main] INFO  api.utilities.RequestResponseFilter - ==================================================================
22:42:19.241  [main] INFO  api.test.PetTest - Asserting response details for pet ID: 30
22:42:19.254  [main] ERROR api.test.PetTest - Unexpected exception occurred: Cannot invoke "Object.toString()" because the return value of "io.restassured.response.ExtractableResponse.path(String, String[])" is null
22:42:19.254  [main] DEBUG api.test.PetTest - Exception details
java.lang.NullPointerException: Cannot invoke "Object.toString()" because the return value of "io.restassured.response.ExtractableResponse.path(String, String[])" is null
	at api.test.PetTest.testUpdatePetPostResponse(PetTest.java:430) ~[test-classes/:?]
	at java.base/jdk.internal.reflect.NativeMethodAccessorImpl.invoke0(Native Method) ~[?:?]
	at java.base/jdk.internal.reflect.NativeMethodAccessorImpl.invoke(NativeMethodAccessorImpl.java:77) ~[?:?]
	at java.base/jdk.internal.reflect.DelegatingMethodAccessorImpl.invoke(DelegatingMethodAccessorImpl.java:43) ~[?:?]
	at java.base/java.lang.reflect.Method.invoke(Method.java:568) ~[?:?]
	at org.testng.internal.invokers.MethodInvocationHelper.invokeMethod(MethodInvocationHelper.java:139) ~[testng-7.8.0.jar:7.8.0]
	at org.testng.internal.invokers.TestInvoker.invokeMethod(TestInvoker.java:664) ~[testng-7.8.0.jar:7.8.0]
	at org.testng.internal.invokers.TestInvoker.invokeTestMethod(TestInvoker.java:227) ~[testng-7.8.0.jar:7.8.0]
	at org.testng.internal.invokers.MethodRunner.runInSequence(MethodRunner.java:50) ~[testng-7.8.0.jar:7.8.0]
	at org.testng.internal.invokers.TestInvoker$MethodInvocationAgent.invoke(TestInvoker.java:957) ~[testng-7.8.0.jar:7.8.0]
	at org.testng.internal.invokers.TestInvoker.invokeTestMethods(TestInvoker.java:200) ~[testng-7.8.0.jar:7.8.0]
	at org.testng.internal.invokers.TestMethodWorker.invokeTestMethods(TestMethodWorker.java:148) ~[testng-7.8.0.jar:7.8.0]
	at org.testng.internal.invokers.TestMethodWorker.run(TestMethodWorker.java:128) ~[testng-7.8.0.jar:7.8.0]
	at java.base/java.util.ArrayList.forEach(ArrayList.java:1511) [?:?]
	at org.testng.TestRunner.privateRun(TestRunner.java:848) [testng-7.8.0.jar:7.8.0]
	at org.testng.TestRunner.run(TestRunner.java:621) [testng-7.8.0.jar:7.8.0]
	at org.testng.SuiteRunner.runTest(SuiteRunner.java:443) [testng-7.8.0.jar:7.8.0]
	at org.testng.SuiteRunner.runSequentially(SuiteRunner.java:437) [testng-7.8.0.jar:7.8.0]
	at org.testng.SuiteRunner.privateRun(SuiteRunner.java:397) [testng-7.8.0.jar:7.8.0]
	at org.testng.SuiteRunner.run(SuiteRunner.java:336) [testng-7.8.0.jar:7.8.0]
	at org.testng.SuiteRunnerWorker.runSuite(SuiteRunnerWorker.java:52) [testng-7.8.0.jar:7.8.0]
	at org.testng.SuiteRunnerWorker.run(SuiteRunnerWorker.java:95) [testng-7.8.0.jar:7.8.0]
	at org.testng.TestNG.runSuitesSequentially(TestNG.java:1280) [testng-7.8.0.jar:7.8.0]
	at org.testng.TestNG.runSuitesLocally(TestNG.java:1200) [testng-7.8.0.jar:7.8.0]
	at org.testng.TestNG.runSuites(TestNG.java:1114) [testng-7.8.0.jar:7.8.0]
	at org.testng.TestNG.run(TestNG.java:1082) [testng-7.8.0.jar:7.8.0]
	at org.apache.maven.surefire.testng.TestNGExecutor.run(TestNGExecutor.java:155) [surefire-testng-3.5.0.jar:3.5.0]
	at org.apache.maven.surefire.testng.TestNGDirectoryTestSuite.executeMulti(TestNGDirectoryTestSuite.java:169) [surefire-testng-3.5.0.jar:3.5.0]
	at org.apache.maven.surefire.testng.TestNGDirectoryTestSuite.execute(TestNGDirectoryTestSuite.java:88) [surefire-testng-3.5.0.jar:3.5.0]
	at org.apache.maven.surefire.testng.TestNGProvider.invoke(TestNGProvider.java:137) [surefire-testng-3.5.0.jar:3.5.0]
	at org.apache.maven.surefire.booter.ForkedBooter.runSuitesInProcess(ForkedBooter.java:385) [surefire-booter-3.5.0.jar:3.5.0]
	at org.apache.maven.surefire.booter.ForkedBooter.execute(ForkedBooter.java:162) [surefire-booter-3.5.0.jar:3.5.0]
	at org.apache.maven.surefire.booter.ForkedBooter.run(ForkedBooter.java:507) [surefire-booter-3.5.0.jar:3.5.0]
	at org.apache.maven.surefire.booter.ForkedBooter.main(ForkedBooter.java:495) [surefire-booter-3.5.0.jar:3.5.0]
22:42:19.262  [main] INFO  api.test.PetTest - ***** Finished testUpdateExistingPetPutResponse *****
22:42:19.262  [main] INFO  api.test.PetTest - ********************************************
22:42:19.280  [main] INFO  api.test.PetTest - ********************************************
22:42:19.280  [main] INFO  api.test.PetTest - ***** Starting testUploadPetImagePostResponse *****
22:42:19.280  [main] INFO  api.test.PetTest - Sending POST request to upload image for pet ID: 30 with metadata: Tiger Image
22:42:19.306  [main] INFO  api.utilities.RequestResponseFilter - ==================================================================
22:42:19.306  [main] INFO  api.utilities.RequestResponseFilter - ==================================================================
22:42:19.306  [main] INFO  api.utilities.RequestResponseFilter - cURL Command: 
curl -X POST 'https://petstore.swagger.io/v2/pet/30/uploadImage' -H 'Accept: application/json, application/javascript, text/javascript, text/json' -H 'Content-Type: multipart/form-data'
22:42:24.937  [main] INFO  api.utilities.RequestResponseFilter - ***************************************************************
22:42:24.938  [main] INFO  api.utilities.RequestResponseFilter - Response Status line: 
HTTP/1.1 200 OK
22:42:24.938  [main] INFO  api.utilities.RequestResponseFilter - Response Body: 
{
    "code": 200,
    "type": "unknown",
    "message": "additionalMetadata: Tiger Image\nFile uploaded to ./2....jpg, 601779 bytes"
}
22:42:24.938  [main] INFO  api.utilities.RequestResponseFilter - Response Headers: 
Date=Thu, 28 Nov 2024 17:12:24 GMT
Content-Type=application/json
Transfer-Encoding=chunked
Connection=keep-alive
Access-Control-Allow-Origin=*
Access-Control-Allow-Methods=GET, POST, DELETE, PUT
Access-Control-Allow-Headers=Content-Type, api_key, Authorization
Server=Jetty(9.2.9.v20150224)
22:42:24.938  [main] INFO  api.utilities.RequestResponseFilter - ==================================================================
22:42:24.938  [main] INFO  api.utilities.RequestResponseFilter - ==================================================================
22:42:24.939  [main] INFO  api.test.PetTest - Asserting response details for uploaded image of pet ID: 30
22:42:24.952  [main] INFO  api.test.PetTest - ***** Finished testUpdateExistingPetPutResponse *****
22:42:24.952  [main] INFO  api.test.PetTest - ********************************************
22:42:24.957  [main] INFO  api.test.PetTest - ********************************************
22:42:24.957  [main] INFO  api.test.PetTest - ***** Starting testDeletePetDeleteResponse *****
22:42:24.957  [main] INFO  api.test.PetTest - Sending DELETE request to remove pet with ID: 20
22:42:24.963  [main] INFO  api.utilities.RequestResponseFilter - ==================================================================
22:42:24.964  [main] INFO  api.utilities.RequestResponseFilter - ==================================================================
22:42:24.964  [main] INFO  api.utilities.RequestResponseFilter - cURL Command: 
curl -X DELETE 'https://petstore.swagger.io/v2/pet/20' -H 'Accept: application/json, application/javascript, text/javascript, text/json' -H 'api_key: special-key' -H 'Content-Type: application/json'
22:42:26.312  [main] INFO  api.utilities.RequestResponseFilter - ***************************************************************
22:42:26.313  [main] INFO  api.utilities.RequestResponseFilter - Response Status line: 
HTTP/1.1 200 OK
22:42:26.313  [main] INFO  api.utilities.RequestResponseFilter - Response Body: 
{
    "code": 200,
    "type": "unknown",
    "message": "20"
}
22:42:26.313  [main] INFO  api.utilities.RequestResponseFilter - Response Headers: 
Date=Thu, 28 Nov 2024 17:12:25 GMT
Content-Type=application/json
Transfer-Encoding=chunked
Connection=keep-alive
Access-Control-Allow-Origin=*
Access-Control-Allow-Methods=GET, POST, DELETE, PUT
Access-Control-Allow-Headers=Content-Type, api_key, Authorization
Server=Jetty(9.2.9.v20150224)
22:42:26.313  [main] INFO  api.utilities.RequestResponseFilter - ==================================================================
22:42:26.314  [main] INFO  api.utilities.RequestResponseFilter - ==================================================================
22:42:26.314  [main] INFO  api.test.PetTest - Asserting response status, time, and headers
22:42:26.326  [main] INFO  api.test.PetTest - Verifying that the pet has been deleted.
22:42:26.331  [main] INFO  api.utilities.RequestResponseFilter - ==================================================================
22:42:26.331  [main] INFO  api.utilities.RequestResponseFilter - ==================================================================
22:42:26.331  [main] INFO  api.utilities.RequestResponseFilter - cURL Command: 
curl -X DELETE 'https://petstore.swagger.io/v2/pet/20' -H 'Accept: application/json, application/javascript, text/javascript, text/json' -H 'api_key: special-key' -H 'Content-Type: application/json'
22:42:27.715  [main] INFO  api.utilities.RequestResponseFilter - ***************************************************************
22:42:27.716  [main] INFO  api.utilities.RequestResponseFilter - Response Status line: 
HTTP/1.1 404 Not Found
22:42:27.716  [main] INFO  api.utilities.RequestResponseFilter - Response Body: 

22:42:27.716  [main] INFO  api.utilities.RequestResponseFilter - Response Headers: 
Date=Thu, 28 Nov 2024 17:12:27 GMT
Content-Length=0
Connection=keep-alive
Access-Control-Allow-Origin=*
Access-Control-Allow-Methods=GET, POST, DELETE, PUT
Access-Control-Allow-Headers=Content-Type, api_key, Authorization
Server=Jetty(9.2.9.v20150224)
22:42:27.716  [main] INFO  api.utilities.RequestResponseFilter - ==================================================================
22:42:27.716  [main] INFO  api.utilities.RequestResponseFilter - ==================================================================
22:42:27.716  [main] INFO  api.test.PetTest - ***** Finished testDeletePetDeleteResponse *****
22:42:27.716  [main] INFO  api.test.PetTest - ********************************************
22:42:27.814  [main] INFO  api.test.StoreTest - ********************************************
22:42:27.814  [main] INFO  api.test.StoreTest - ***** Starting testPostStoreResponse *****
22:42:27.814  [main] INFO  api.test.StoreTest - Sending POST request to place an order for the pet.
22:42:27.834  [main] INFO  api.utilities.RequestResponseFilter - ==================================================================
22:42:27.834  [main] INFO  api.utilities.RequestResponseFilter - ==================================================================
22:42:27.834  [main] INFO  api.utilities.RequestResponseFilter - cURL Command: 
curl -X POST 'https://petstore.swagger.io/v2/store/order' -H 'Accept: application/json, application/javascript, text/javascript, text/json' -H 'Content-Type: application/json' --data '{"id":6,"petId":2002,"quantity":40,"shipDate":"2023-12-12T16:35:59.906+0000","status":"placed","complete":true}'
22:42:29.216  [main] INFO  api.utilities.RequestResponseFilter - ***************************************************************
22:42:29.217  [main] INFO  api.utilities.RequestResponseFilter - Response Status line: 
HTTP/1.1 200 OK
22:42:29.218  [main] INFO  api.utilities.RequestResponseFilter - Response Body: 
{
    "id": 6,
    "petId": 2002,
    "quantity": 40,
    "shipDate": "2023-12-12T16:35:59.906+0000",
    "status": "placed",
    "complete": true
}
22:42:29.218  [main] INFO  api.utilities.RequestResponseFilter - Response Headers: 
Date=Thu, 28 Nov 2024 17:12:28 GMT
Content-Type=application/json
Transfer-Encoding=chunked
Connection=keep-alive
Access-Control-Allow-Origin=*
Access-Control-Allow-Methods=GET, POST, DELETE, PUT
Access-Control-Allow-Headers=Content-Type, api_key, Authorization
Server=Jetty(9.2.9.v20150224)
22:42:29.218  [main] INFO  api.utilities.RequestResponseFilter - ==================================================================
22:42:29.218  [main] INFO  api.utilities.RequestResponseFilter - ==================================================================
22:42:29.219  [main] INFO  api.test.StoreTest - Asserting response status, headers, and time
22:42:29.219  [main] INFO  api.test.StoreTest - Asserting store data between request and response
22:42:29.371  [main] INFO  api.test.StoreTest - ***** Finished testPostStoreResponse *****
22:42:29.371  [main] INFO  api.test.StoreTest - ********************************************
22:42:29.377  [main] INFO  api.test.StoreTest - ********************************************
22:42:29.377  [main] INFO  api.test.StoreTest - ***** Starting testGetStoreOrderResponse *****
22:42:29.377  [main] INFO  api.test.StoreTest - Retrieving store order with ID: 6
22:42:29.377  [main] INFO  api.test.StoreTest - Sending GET request to retrieve the store order.
22:42:29.394  [main] INFO  api.utilities.RequestResponseFilter - ==================================================================
22:42:29.394  [main] INFO  api.utilities.RequestResponseFilter - ==================================================================
22:42:29.394  [main] INFO  api.utilities.RequestResponseFilter - cURL Command: 
curl -X GET 'https://petstore.swagger.io/v2/store/order/6' -H 'Accept: application/json, application/javascript, text/javascript, text/json' -H 'Content-Type: application/json'
22:42:30.981  [main] INFO  api.utilities.RequestResponseFilter - ***************************************************************
22:42:30.982  [main] INFO  api.utilities.RequestResponseFilter - Response Status line: 
HTTP/1.1 200 OK
22:42:30.982  [main] INFO  api.utilities.RequestResponseFilter - Response Body: 
{
    "id": 6,
    "petId": 2002,
    "quantity": 40,
    "shipDate": "2023-12-12T16:35:59.906+0000",
    "status": "placed",
    "complete": true
}
22:42:30.982  [main] INFO  api.utilities.RequestResponseFilter - Response Headers: 
Date=Thu, 28 Nov 2024 17:12:30 GMT
Content-Type=application/json
Transfer-Encoding=chunked
Connection=keep-alive
Access-Control-Allow-Origin=*
Access-Control-Allow-Methods=GET, POST, DELETE, PUT
Access-Control-Allow-Headers=Content-Type, api_key, Authorization
Server=Jetty(9.2.9.v20150224)
22:42:30.982  [main] INFO  api.utilities.RequestResponseFilter - ==================================================================
22:42:30.982  [main] INFO  api.utilities.RequestResponseFilter - ==================================================================
22:42:30.982  [main] INFO  api.test.StoreTest - Asserting response status, headers, and time
22:42:31.067  [main] INFO  api.test.StoreTest - Asserting order data between request and response
22:42:31.122  [main] INFO  api.test.StoreTest - Response matches JSON schema
22:42:31.122  [main] INFO  api.test.StoreTest - Testing with invalid order ID: 101
22:42:31.127  [main] INFO  api.utilities.RequestResponseFilter - ==================================================================
22:42:31.127  [main] INFO  api.utilities.RequestResponseFilter - ==================================================================
22:42:31.127  [main] INFO  api.utilities.RequestResponseFilter - cURL Command: 
curl -X GET 'https://petstore.swagger.io/v2/store/order/101' -H 'Accept: application/json, application/javascript, text/javascript, text/json' -H 'Content-Type: application/json'
22:42:32.778  [main] INFO  api.utilities.RequestResponseFilter - ***************************************************************
22:42:32.780  [main] INFO  api.utilities.RequestResponseFilter - Response Status line: 
HTTP/1.1 404 Not Found
22:42:32.780  [main] INFO  api.utilities.RequestResponseFilter - Response Body: 
{
    "code": 1,
    "type": "error",
    "message": "Order not found"
}
22:42:32.780  [main] INFO  api.utilities.RequestResponseFilter - Response Headers: 
Date=Thu, 28 Nov 2024 17:12:32 GMT
Content-Type=application/json
Transfer-Encoding=chunked
Connection=keep-alive
Access-Control-Allow-Origin=*
Access-Control-Allow-Methods=GET, POST, DELETE, PUT
Access-Control-Allow-Headers=Content-Type, api_key, Authorization
Server=Jetty(9.2.9.v20150224)
22:42:32.780  [main] INFO  api.utilities.RequestResponseFilter - ==================================================================
22:42:32.780  [main] INFO  api.utilities.RequestResponseFilter - ==================================================================
22:42:32.781  [main] INFO  api.test.StoreTest - Asserting response status for invalid order ID
22:42:32.781  [main] INFO  api.test.StoreTest - ***** Finished testGetStoreOrderResponse *****
22:42:32.781  [main] INFO  api.test.StoreTest - ********************************************
22:42:32.785  [main] INFO  api.test.StoreTest - ********************************************
22:42:32.785  [main] INFO  api.test.StoreTest - ***** Starting testGetStoreInventoriesResponse *****
22:42:32.785  [main] INFO  api.test.StoreTest - Sending GET request to retrieve store inventories.
22:42:32.791  [main] INFO  api.utilities.RequestResponseFilter - ==================================================================
22:42:32.791  [main] INFO  api.utilities.RequestResponseFilter - ==================================================================
22:42:32.791  [main] INFO  api.utilities.RequestResponseFilter - cURL Command: 
curl -X GET 'https://petstore.swagger.io/v2/store/inventory?api_key=special-key' -H 'Accept: application/json, application/javascript, text/javascript, text/json' -H 'Content-Type: application/json'
22:42:34.203  [main] INFO  api.utilities.RequestResponseFilter - ***************************************************************
22:42:34.204  [main] INFO  api.utilities.RequestResponseFilter - Response Status line: 
HTTP/1.1 200 OK
22:42:34.205  [main] INFO  api.utilities.RequestResponseFilter - Response Body: 
{
    "sold": 10,
    "processed": 2,
    "6000": 1,
    "5000": 1,
    "string": 669,
    "unavailable": 1,
    "pending": 5,
    "available": 268,
    "awaiable": 1,
    "3000": 1,
    "soldout": 1,
    "peric": 4
}
22:42:34.205  [main] INFO  api.utilities.RequestResponseFilter - Response Headers: 
Date=Thu, 28 Nov 2024 17:12:33 GMT
Content-Type=application/json
Transfer-Encoding=chunked
Connection=keep-alive
Access-Control-Allow-Origin=*
Access-Control-Allow-Methods=GET, POST, DELETE, PUT
Access-Control-Allow-Headers=Content-Type, api_key, Authorization
Server=Jetty(9.2.9.v20150224)
22:42:34.205  [main] INFO  api.utilities.RequestResponseFilter - ==================================================================
22:42:34.205  [main] INFO  api.utilities.RequestResponseFilter - ==================================================================
22:42:34.205  [main] INFO  api.test.StoreTest - Asserting response status code and content type
22:42:34.206  [main] INFO  api.test.StoreTest - Extracting 'sold', 'pending', and 'available' quantities from the response.
22:42:34.254  [main] INFO  api.test.StoreTest - Asserting 'sold', 'pending', and 'available' quantities
22:42:34.254  [main] INFO  api.test.StoreTest - Validating response against the JSON schema located at: F:\WorkSpace\RestAssuredPetStoreAutomation-main\testData\jsonSchemaFiles\getStoreInventories.json
22:42:34.282  [main] ERROR api.test.StoreTest - Test assertion failed: 1 expectation failed.
Response body doesn't match expectation.
Expected: The content to match the given JSON schema.
error: object instance has properties which are not allowed by the schema: ["3000","5000","6000","awaiable","pending","peric","processed","soldout","unavailable"]
    level: "error"
    schema: {"loadingURI":"#","pointer":"/definitions/Welcome8"}
    instance: {"pointer":""}
    domain: "validation"
    keyword: "additionalProperties"
    unwanted: ["3000","5000","6000","awaiable","pending","peric","processed","soldout","unavailable"]
error: object has missing required properties (["placed","ratvelleg","status"])
    level: "error"
    schema: {"loadingURI":"#","pointer":"/definitions/Welcome8"}
    instance: {"pointer":""}
    domain: "validation"
    keyword: "required"
    required: ["available","placed","ratvelleg","sold","status","string"]
    missing: ["placed","ratvelleg","status"]

  Actual: {"sold":10,"processed":2,"6000":1,"5000":1,"string":669,"unavailable":1,"pending":5,"available":268,"awaiable":1,"3000":1,"soldout":1,"peric":4}

22:42:34.282  [main] DEBUG api.test.StoreTest - Assertion failure details
java.lang.AssertionError: 1 expectation failed.
Response body doesn't match expectation.
Expected: The content to match the given JSON schema.
error: object instance has properties which are not allowed by the schema: ["3000","5000","6000","awaiable","pending","peric","processed","soldout","unavailable"]
    level: "error"
    schema: {"loadingURI":"#","pointer":"/definitions/Welcome8"}
    instance: {"pointer":""}
    domain: "validation"
    keyword: "additionalProperties"
    unwanted: ["3000","5000","6000","awaiable","pending","peric","processed","soldout","unavailable"]
error: object has missing required properties (["placed","ratvelleg","status"])
    level: "error"
    schema: {"loadingURI":"#","pointer":"/definitions/Welcome8"}
    instance: {"pointer":""}
    domain: "validation"
    keyword: "required"
    required: ["available","placed","ratvelleg","sold","status","string"]
    missing: ["placed","ratvelleg","status"]

  Actual: {"sold":10,"processed":2,"6000":1,"5000":1,"string":669,"unavailable":1,"pending":5,"available":268,"awaiable":1,"3000":1,"soldout":1,"peric":4}

	at java.base/jdk.internal.reflect.NativeConstructorAccessorImpl.newInstance0(Native Method) ~[?:?]
	at java.base/jdk.internal.reflect.NativeConstructorAccessorImpl.newInstance(NativeConstructorAccessorImpl.java:77) ~[?:?]
	at java.base/jdk.internal.reflect.DelegatingConstructorAccessorImpl.newInstance(DelegatingConstructorAccessorImpl.java:45) ~[?:?]
	at java.base/java.lang.reflect.Constructor.newInstanceWithCaller(Constructor.java:499) ~[?:?]
	at java.base/java.lang.reflect.Constructor.newInstance(Constructor.java:480) ~[?:?]
	at org.codehaus.groovy.reflection.CachedConstructor.invoke(CachedConstructor.java:73) ~[groovy-4.0.22.jar:4.0.22]
	at org.codehaus.groovy.runtime.callsite.ConstructorSite$ConstructorSiteNoUnwrapNoCoerce.callConstructor(ConstructorSite.java:108) ~[groovy-4.0.22.jar:4.0.22]
	at org.codehaus.groovy.runtime.callsite.CallSiteArray.defaultCallConstructor(CallSiteArray.java:57) ~[groovy-4.0.22.jar:4.0.22]
	at org.codehaus.groovy.runtime.callsite.AbstractCallSite.callConstructor(AbstractCallSite.java:263) ~[groovy-4.0.22.jar:4.0.22]
	at org.codehaus.groovy.runtime.callsite.AbstractCallSite.callConstructor(AbstractCallSite.java:277) ~[groovy-4.0.22.jar:4.0.22]
	at io.restassured.internal.ResponseSpecificationImpl$HamcrestAssertionClosure.validate(ResponseSpecificationImpl.groovy:512) ~[rest-assured-5.5.0.jar:?]
	at io.restassured.internal.ResponseSpecificationImpl$HamcrestAssertionClosure$validate$1.call(Unknown Source) ~[?:?]
	at io.restassured.internal.ResponseSpecificationImpl.validateResponseIfRequired(ResponseSpecificationImpl.groovy:696) ~[rest-assured-5.5.0.jar:?]
	at io.restassured.internal.ResponseSpecificationImpl.this$2$validateResponseIfRequired(ResponseSpecificationImpl.groovy) ~[rest-assured-5.5.0.jar:?]
	at java.base/jdk.internal.reflect.NativeMethodAccessorImpl.invoke0(Native Method) ~[?:?]
	at java.base/jdk.internal.reflect.NativeMethodAccessorImpl.invoke(NativeMethodAccessorImpl.java:77) ~[?:?]
	at java.base/jdk.internal.reflect.DelegatingMethodAccessorImpl.invoke(DelegatingMethodAccessorImpl.java:43) ~[?:?]
	at java.base/java.lang.reflect.Method.invoke(Method.java:568) ~[?:?]
	at org.codehaus.groovy.runtime.callsite.PlainObjectMetaMethodSite.doInvoke(PlainObjectMetaMethodSite.java:43) ~[groovy-4.0.22.jar:4.0.22]
	at org.codehaus.groovy.runtime.callsite.PogoMetaMethodSite$PogoCachedMethodSiteNoUnwrapNoCoerce.invoke(PogoMetaMethodSite.java:198) ~[groovy-4.0.22.jar:4.0.22]
	at org.codehaus.groovy.runtime.callsite.PogoMetaMethodSite.callCurrent(PogoMetaMethodSite.java:62) ~[groovy-4.0.22.jar:4.0.22]
	at org.codehaus.groovy.runtime.callsite.AbstractCallSite.callCurrent(AbstractCallSite.java:185) ~[groovy-4.0.22.jar:4.0.22]
	at io.restassured.internal.ResponseSpecificationImpl.body(ResponseSpecificationImpl.groovy:107) ~[rest-assured-5.5.0.jar:?]
	at io.restassured.internal.ValidatableResponseOptionsImpl.body(ValidatableResponseOptionsImpl.java:238) ~[rest-assured-5.5.0.jar:?]
	at api.test.StoreTest.testGetStoreInventoriesResponse(StoreTest.java:278) ~[test-classes/:?]
	at java.base/jdk.internal.reflect.NativeMethodAccessorImpl.invoke0(Native Method) ~[?:?]
	at java.base/jdk.internal.reflect.NativeMethodAccessorImpl.invoke(NativeMethodAccessorImpl.java:77) ~[?:?]
	at java.base/jdk.internal.reflect.DelegatingMethodAccessorImpl.invoke(DelegatingMethodAccessorImpl.java:43) ~[?:?]
	at java.base/java.lang.reflect.Method.invoke(Method.java:568) ~[?:?]
	at org.testng.internal.invokers.MethodInvocationHelper.invokeMethod(MethodInvocationHelper.java:139) ~[testng-7.8.0.jar:7.8.0]
	at org.testng.internal.invokers.TestInvoker.invokeMethod(TestInvoker.java:664) ~[testng-7.8.0.jar:7.8.0]
	at org.testng.internal.invokers.TestInvoker.invokeTestMethod(TestInvoker.java:227) ~[testng-7.8.0.jar:7.8.0]
	at org.testng.internal.invokers.MethodRunner.runInSequence(MethodRunner.java:50) ~[testng-7.8.0.jar:7.8.0]
	at org.testng.internal.invokers.TestInvoker$MethodInvocationAgent.invoke(TestInvoker.java:957) ~[testng-7.8.0.jar:7.8.0]
	at org.testng.internal.invokers.TestInvoker.invokeTestMethods(TestInvoker.java:200) ~[testng-7.8.0.jar:7.8.0]
	at org.testng.internal.invokers.TestMethodWorker.invokeTestMethods(TestMethodWorker.java:148) ~[testng-7.8.0.jar:7.8.0]
	at org.testng.internal.invokers.TestMethodWorker.run(TestMethodWorker.java:128) ~[testng-7.8.0.jar:7.8.0]
	at java.base/java.util.ArrayList.forEach(ArrayList.java:1511) [?:?]
	at org.testng.TestRunner.privateRun(TestRunner.java:848) [testng-7.8.0.jar:7.8.0]
	at org.testng.TestRunner.run(TestRunner.java:621) [testng-7.8.0.jar:7.8.0]
	at org.testng.SuiteRunner.runTest(SuiteRunner.java:443) [testng-7.8.0.jar:7.8.0]
	at org.testng.SuiteRunner.runSequentially(SuiteRunner.java:437) [testng-7.8.0.jar:7.8.0]
	at org.testng.SuiteRunner.privateRun(SuiteRunner.java:397) [testng-7.8.0.jar:7.8.0]
	at org.testng.SuiteRunner.run(SuiteRunner.java:336) [testng-7.8.0.jar:7.8.0]
	at org.testng.SuiteRunnerWorker.runSuite(SuiteRunnerWorker.java:52) [testng-7.8.0.jar:7.8.0]
	at org.testng.SuiteRunnerWorker.run(SuiteRunnerWorker.java:95) [testng-7.8.0.jar:7.8.0]
	at org.testng.TestNG.runSuitesSequentially(TestNG.java:1280) [testng-7.8.0.jar:7.8.0]
	at org.testng.TestNG.runSuitesLocally(TestNG.java:1200) [testng-7.8.0.jar:7.8.0]
	at org.testng.TestNG.runSuites(TestNG.java:1114) [testng-7.8.0.jar:7.8.0]
	at org.testng.TestNG.run(TestNG.java:1082) [testng-7.8.0.jar:7.8.0]
	at org.apache.maven.surefire.testng.TestNGExecutor.run(TestNGExecutor.java:155) [surefire-testng-3.5.0.jar:3.5.0]
	at org.apache.maven.surefire.testng.TestNGDirectoryTestSuite.executeMulti(TestNGDirectoryTestSuite.java:169) [surefire-testng-3.5.0.jar:3.5.0]
	at org.apache.maven.surefire.testng.TestNGDirectoryTestSuite.execute(TestNGDirectoryTestSuite.java:88) [surefire-testng-3.5.0.jar:3.5.0]
	at org.apache.maven.surefire.testng.TestNGProvider.invoke(TestNGProvider.java:137) [surefire-testng-3.5.0.jar:3.5.0]
	at org.apache.maven.surefire.booter.ForkedBooter.runSuitesInProcess(ForkedBooter.java:385) [surefire-booter-3.5.0.jar:3.5.0]
	at org.apache.maven.surefire.booter.ForkedBooter.execute(ForkedBooter.java:162) [surefire-booter-3.5.0.jar:3.5.0]
	at org.apache.maven.surefire.booter.ForkedBooter.run(ForkedBooter.java:507) [surefire-booter-3.5.0.jar:3.5.0]
	at org.apache.maven.surefire.booter.ForkedBooter.main(ForkedBooter.java:495) [surefire-booter-3.5.0.jar:3.5.0]
22:42:34.283  [main] INFO  api.test.StoreTest - ***** Finished testGetStoreInventoriesResponse *****
22:42:34.283  [main] INFO  api.test.StoreTest - ********************************************
22:42:34.289  [main] INFO  api.test.StoreTest - ********************************************
22:42:34.289  [main] INFO  api.test.StoreTest - ***** Starting testDeleteStoreOrderResponse *****
22:42:34.289  [main] INFO  api.test.StoreTest - Sending DELETE request to remove the store order with ID: 6
22:42:34.296  [main] INFO  api.utilities.RequestResponseFilter - ==================================================================
22:42:34.296  [main] INFO  api.utilities.RequestResponseFilter - ==================================================================
22:42:34.296  [main] INFO  api.utilities.RequestResponseFilter - cURL Command: 
curl -X DELETE 'https://petstore.swagger.io/v2/store/order/6' -H 'Accept: application/json, application/javascript, text/javascript, text/json' -H 'Content-Type: application/json'
22:42:35.789  [main] INFO  api.utilities.RequestResponseFilter - ***************************************************************
22:42:35.790  [main] INFO  api.utilities.RequestResponseFilter - Response Status line: 
HTTP/1.1 200 OK
22:42:35.790  [main] INFO  api.utilities.RequestResponseFilter - Response Body: 
{
    "code": 200,
    "type": "unknown",
    "message": "6"
}
22:42:35.790  [main] INFO  api.utilities.RequestResponseFilter - Response Headers: 
Date=Thu, 28 Nov 2024 17:12:35 GMT
Content-Type=application/json
Transfer-Encoding=chunked
Connection=keep-alive
Access-Control-Allow-Origin=*
Access-Control-Allow-Methods=GET, POST, DELETE, PUT
Access-Control-Allow-Headers=Content-Type, api_key, Authorization
Server=Jetty(9.2.9.v20150224)
22:42:35.790  [main] INFO  api.utilities.RequestResponseFilter - ==================================================================
22:42:35.790  [main] INFO  api.utilities.RequestResponseFilter - ==================================================================
22:42:35.822  [main] INFO  api.test.StoreTest - Asserting response data for code, type, and message
22:42:35.823  [main] INFO  api.test.StoreTest - Sending GET request to find the deleted store order with ID: 6
22:42:35.827  [main] INFO  api.utilities.RequestResponseFilter - ==================================================================
22:42:35.827  [main] INFO  api.utilities.RequestResponseFilter - ==================================================================
22:42:35.827  [main] INFO  api.utilities.RequestResponseFilter - cURL Command: 
curl -X GET 'https://petstore.swagger.io/v2/store/order/6' -H 'Accept: application/json, application/javascript, text/javascript, text/json' -H 'Content-Type: application/json'
22:42:37.338  [main] INFO  api.utilities.RequestResponseFilter - ***************************************************************
22:42:37.339  [main] INFO  api.utilities.RequestResponseFilter - Response Status line: 
HTTP/1.1 404 Not Found
22:42:37.339  [main] INFO  api.utilities.RequestResponseFilter - Response Body: 
{
    "code": 1,
    "type": "error",
    "message": "Order not found"
}
22:42:37.339  [main] INFO  api.utilities.RequestResponseFilter - Response Headers: 
Date=Thu, 28 Nov 2024 17:12:36 GMT
Content-Type=application/json
Transfer-Encoding=chunked
Connection=keep-alive
Access-Control-Allow-Origin=*
Access-Control-Allow-Methods=GET, POST, DELETE, PUT
Access-Control-Allow-Headers=Content-Type, api_key, Authorization
Server=Jetty(9.2.9.v20150224)
22:42:37.339  [main] INFO  api.utilities.RequestResponseFilter - ==================================================================
22:42:37.339  [main] INFO  api.utilities.RequestResponseFilter - ==================================================================
22:42:37.340  [main] INFO  api.test.StoreTest - StatusCode: 404
22:42:37.340  [main] INFO  api.test.StoreTest - Headers: Date=Thu, 28 Nov 2024 17:12:36 GMT
Content-Type=application/json
Transfer-Encoding=chunked
Connection=keep-alive
Access-Control-Allow-Origin=*
Access-Control-Allow-Methods=GET, POST, DELETE, PUT
Access-Control-Allow-Headers=Content-Type, api_key, Authorization
Server=Jetty(9.2.9.v20150224)
22:42:37.340  [main] INFO  api.test.StoreTest - JSON response body: {
    "code": 1,
    "type": "error",
    "message": "Order not found"
}
22:42:37.349  [main] ERROR api.test.StoreTest - Test assertion failed: Expected status code is 200. expected [200] but found [404]
22:42:37.349  [main] DEBUG api.test.StoreTest - Assertion failure details
java.lang.AssertionError: Expected status code is 200. expected [200] but found [404]
	at org.testng.Assert.fail(Assert.java:111) ~[testng-7.8.0.jar:7.8.0]
	at org.testng.Assert.failNotEquals(Assert.java:1578) ~[testng-7.8.0.jar:7.8.0]
	at org.testng.Assert.assertEqualsImpl(Assert.java:150) ~[testng-7.8.0.jar:7.8.0]
	at org.testng.Assert.assertEquals(Assert.java:132) ~[testng-7.8.0.jar:7.8.0]
	at org.testng.Assert.assertEquals(Assert.java:1419) ~[testng-7.8.0.jar:7.8.0]
	at org.testng.Assert.assertEquals(Assert.java:1383) ~[testng-7.8.0.jar:7.8.0]
	at api.test.StoreTest.testDeleteStoreOrderResponse(StoreTest.java:365) ~[test-classes/:?]
	at java.base/jdk.internal.reflect.NativeMethodAccessorImpl.invoke0(Native Method) ~[?:?]
	at java.base/jdk.internal.reflect.NativeMethodAccessorImpl.invoke(NativeMethodAccessorImpl.java:77) ~[?:?]
	at java.base/jdk.internal.reflect.DelegatingMethodAccessorImpl.invoke(DelegatingMethodAccessorImpl.java:43) ~[?:?]
	at java.base/java.lang.reflect.Method.invoke(Method.java:568) ~[?:?]
	at org.testng.internal.invokers.MethodInvocationHelper.invokeMethod(MethodInvocationHelper.java:139) ~[testng-7.8.0.jar:7.8.0]
	at org.testng.internal.invokers.TestInvoker.invokeMethod(TestInvoker.java:664) ~[testng-7.8.0.jar:7.8.0]
	at org.testng.internal.invokers.TestInvoker.invokeTestMethod(TestInvoker.java:227) ~[testng-7.8.0.jar:7.8.0]
	at org.testng.internal.invokers.MethodRunner.runInSequence(MethodRunner.java:50) ~[testng-7.8.0.jar:7.8.0]
	at org.testng.internal.invokers.TestInvoker$MethodInvocationAgent.invoke(TestInvoker.java:957) ~[testng-7.8.0.jar:7.8.0]
	at org.testng.internal.invokers.TestInvoker.invokeTestMethods(TestInvoker.java:200) ~[testng-7.8.0.jar:7.8.0]
	at org.testng.internal.invokers.TestMethodWorker.invokeTestMethods(TestMethodWorker.java:148) ~[testng-7.8.0.jar:7.8.0]
	at org.testng.internal.invokers.TestMethodWorker.run(TestMethodWorker.java:128) ~[testng-7.8.0.jar:7.8.0]
	at java.base/java.util.ArrayList.forEach(ArrayList.java:1511) [?:?]
	at org.testng.TestRunner.privateRun(TestRunner.java:848) [testng-7.8.0.jar:7.8.0]
	at org.testng.TestRunner.run(TestRunner.java:621) [testng-7.8.0.jar:7.8.0]
	at org.testng.SuiteRunner.runTest(SuiteRunner.java:443) [testng-7.8.0.jar:7.8.0]
	at org.testng.SuiteRunner.runSequentially(SuiteRunner.java:437) [testng-7.8.0.jar:7.8.0]
	at org.testng.SuiteRunner.privateRun(SuiteRunner.java:397) [testng-7.8.0.jar:7.8.0]
	at org.testng.SuiteRunner.run(SuiteRunner.java:336) [testng-7.8.0.jar:7.8.0]
	at org.testng.SuiteRunnerWorker.runSuite(SuiteRunnerWorker.java:52) [testng-7.8.0.jar:7.8.0]
	at org.testng.SuiteRunnerWorker.run(SuiteRunnerWorker.java:95) [testng-7.8.0.jar:7.8.0]
	at org.testng.TestNG.runSuitesSequentially(TestNG.java:1280) [testng-7.8.0.jar:7.8.0]
	at org.testng.TestNG.runSuitesLocally(TestNG.java:1200) [testng-7.8.0.jar:7.8.0]
	at org.testng.TestNG.runSuites(TestNG.java:1114) [testng-7.8.0.jar:7.8.0]
	at org.testng.TestNG.run(TestNG.java:1082) [testng-7.8.0.jar:7.8.0]
	at org.apache.maven.surefire.testng.TestNGExecutor.run(TestNGExecutor.java:155) [surefire-testng-3.5.0.jar:3.5.0]
	at org.apache.maven.surefire.testng.TestNGDirectoryTestSuite.executeMulti(TestNGDirectoryTestSuite.java:169) [surefire-testng-3.5.0.jar:3.5.0]
	at org.apache.maven.surefire.testng.TestNGDirectoryTestSuite.execute(TestNGDirectoryTestSuite.java:88) [surefire-testng-3.5.0.jar:3.5.0]
	at org.apache.maven.surefire.testng.TestNGProvider.invoke(TestNGProvider.java:137) [surefire-testng-3.5.0.jar:3.5.0]
	at org.apache.maven.surefire.booter.ForkedBooter.runSuitesInProcess(ForkedBooter.java:385) [surefire-booter-3.5.0.jar:3.5.0]
	at org.apache.maven.surefire.booter.ForkedBooter.execute(ForkedBooter.java:162) [surefire-booter-3.5.0.jar:3.5.0]
	at org.apache.maven.surefire.booter.ForkedBooter.run(ForkedBooter.java:507) [surefire-booter-3.5.0.jar:3.5.0]
	at org.apache.maven.surefire.booter.ForkedBooter.main(ForkedBooter.java:495) [surefire-booter-3.5.0.jar:3.5.0]
