<!DOCTYPE html PUBLIC "-//W3C//DTD XHTML 1.1//EN" "https://www.w3.org/TR/xhtml11/DTD/xhtml11.dtd">
<html xmlns="https://www.w3.org/1999/xhtml">
<head>
<meta http-equiv="content-type" content="text/html; charset=UTF-8"/>
<title>TestNG Report</title>
<style type="text/css">table {margin-bottom:10px;border-collapse:collapse;empty-cells:show}th,td {border:1px solid #009;padding:.25em .5em}th {vertical-align:bottom}td {vertical-align:top}table a {font-weight:bold}.stripe td {background-color: #E6EBF9}.num {text-align:right}.passedodd td {background-color: #3F3}.passedeven td {background-color: #0A0}.skippedodd td {background-color: #DDD}.skippedeven td {background-color: #CCC}.failedodd td,.attn {background-color: #F33}.failedeven td,.stripe .attn {background-color: #D00}.stacktrace {white-space:pre;font-family:monospace}.totop {font-size:85%;text-align:center;border-bottom:2px solid #000}.invisible {display:none}</style>
</head>
<body>
<table>
<tr><th>Test</th><th># Passed</th><th># Skipped</th><th># Retried</th><th># Failed</th><th>Time (ms)</th><th>Included Groups</th><th>Excluded Groups</th></tr>
<tr><th colspan="8">Surefire suite</th></tr>
<tr><td><a href="#t0">Surefire test</a></td><td class="num">39</td><td class="num attn">2</td><td class="num">0</td><td class="num attn">16</td><td class="num">96,471</td><td></td><td></td></tr>
</table>
<table id='summary'><thead><tr><th>Class</th><th>Method</th><th>Start</th><th>Time (ms)</th></tr></thead><tbody><tr><th colspan="4">Surefire suite</th></tr></tbody><tbody id="t0"><tr><th colspan="4">Surefire test &#8212; failed</th></tr><tr class="failedeven"><td rowspan="7">api.test.PetTest</td><td><a href="#m0">deleberatlyFailTest</a></td><td rowspan="1">1732975140463</td><td rowspan="1">1</td></tr><tr class="failedeven"><td><a href="#m1">testAddNewPetPostResponse</a></td><td rowspan="1">1732975089876</td><td rowspan="1">5067</td></tr><tr class="failedeven"><td><a href="#m2">testDeletePetDeleteResponse</a></td><td rowspan="1">1732975133980</td><td rowspan="1">6478</td></tr><tr class="failedeven"><td><a href="#m3">testFindPetByPetIDGetResponse</a></td><td rowspan="1">1732975111187</td><td rowspan="1">4194</td></tr><tr class="failedeven"><td><a href="#m4">testFindPetByStatusGetResponse</a></td><td rowspan="1">1732975103698</td><td rowspan="1">1521</td></tr><tr class="failedeven"><td><a href="#m5">testUpdatePetPostResponse</a></td><td rowspan="1">1732975115389</td><td rowspan="1">2910</td></tr><tr class="failedeven"><td><a href="#m6">testUploadPetImagePostResponse</a></td><td rowspan="1">1732975118308</td><td rowspan="1">15663</td></tr><tr class="failedodd"><td rowspan="3">api.test.StoreTest</td><td><a href="#m7">testDeleteStoreOrderResponse</a></td><td rowspan="1">1732975155628</td><td rowspan="1">2850</td></tr><tr class="failedodd"><td><a href="#m8">testGetStoreInventoriesResponse</a></td><td rowspan="1">1732975153643</td><td rowspan="1">1953</td></tr><tr class="failedodd"><td><a href="#m9">testGetStoreOrderResponse</a></td><td rowspan="1">1732975147220</td><td rowspan="1">6417</td></tr><tr class="failedeven"><td rowspan="6">api.test.UserTest</td><td><a href="#m10">deletedUser_shouldNotBeFetched_shouldReturn404Error</a></td><td rowspan="1">1732975175524</td><td rowspan="1">4519</td></tr><tr class="failedeven"><td><a href="#m11">getUser_shouldRespondWithinExpectedTime</a></td><td rowspan="1">1732975162409</td><td rowspan="1">1</td></tr><tr class="failedeven"><td><a href="#m12">updateUser_shouldMatchJsonSchema</a></td><td rowspan="1">1732975169157</td><td rowspan="1">70</td></tr><tr class="failedeven"><td><a href="#m13">updateUser_shouldRespondWithinExpectedTime</a></td><td rowspan="1">1732975169038</td><td rowspan="1">2</td></tr><tr class="failedeven"><td><a href="#m14">updateUser_shouldReturnCorrectFieldValues</a></td><td rowspan="1">1732975169057</td><td rowspan="1">95</td></tr><tr class="failedeven"><td><a href="#m15">updateUser_shouldReturnValidResponseFieldTypes</a></td><td rowspan="1">1732975169050</td><td rowspan="1">2</td></tr><tr><th colspan="4">Surefire test &#8212; skipped</th></tr><tr class="skippedeven"><td rowspan="2">api.test.PetTest</td><td><a href="#m16">deleberatlySkippedTest1</a></td><td rowspan="1">1732975140472</td><td rowspan="1">0</td></tr><tr class="skippedeven"><td><a href="#m17">deleberatlySkippedTest2</a></td><td rowspan="1">1732975140475</td><td rowspan="1">0</td></tr><tr><th colspan="4">Surefire test &#8212; passed</th></tr><tr class="passedeven"><td rowspan="7">api.test.PetTest</td><td><a href="#m18">testAddNewPetPostResponse</a></td><td rowspan="2">1732975094970</td><td rowspan="2">2087</td></tr><tr class="passedeven"><td><a href="#m19">testAddNewPetPostResponse</a></td></tr><tr class="passedeven"><td><a href="#m20">testFindPetByPetIDGetResponse</a></td><td rowspan="2">1732975109649</td><td rowspan="2">1531</td></tr><tr class="passedeven"><td><a href="#m21">testFindPetByPetIDGetResponse</a></td></tr><tr class="passedeven"><td><a href="#m22">testUpdateExistingPetPutResponse</a></td><td rowspan="3">1732975099421</td><td rowspan="3">1469</td></tr><tr class="passedeven"><td><a href="#m23">testUpdateExistingPetPutResponse</a></td></tr><tr class="passedeven"><td><a href="#m24">testUpdateExistingPetPutResponse</a></td></tr><tr class="passedodd"><td rowspan="1">api.test.StoreTest</td><td><a href="#m25">testPostStoreResponse</a></td><td rowspan="1">1732975140554</td><td rowspan="1">6661</td></tr><tr class="passedeven"><td rowspan="31">api.test.UserTest</td><td><a href="#m26">createUser_shouldMatchJsonSchema</a></td><td rowspan="1">1732975160324</td><td rowspan="1">84</td></tr><tr class="passedeven"><td><a href="#m27">createUser_shouldRespondWithinExpectedTime</a></td><td rowspan="1">1732975160224</td><td rowspan="1">2</td></tr><tr class="passedeven"><td><a href="#m28">createUser_shouldReturn200StatusCode</a></td><td rowspan="1">1732975158737</td><td rowspan="1">1481</td></tr><tr class="passedeven"><td><a href="#m29">createUser_shouldReturnCorrectContentTypeHeader</a></td><td rowspan="1">1732975160229</td><td rowspan="1">2</td></tr><tr class="passedeven"><td><a href="#m30">createUser_shouldReturnCorrectFieldValues</a></td><td rowspan="1">1732975160254</td><td rowspan="1">59</td></tr><tr class="passedeven"><td><a href="#m31">createUser_shouldReturnValidResponseFieldTypes</a></td><td rowspan="1">1732975160235</td><td rowspan="1">1</td></tr><tr class="passedeven"><td><a href="#m32">createUsersInBulk_shouldReturn200StatusCode</a></td><td rowspan="1">1732975180048</td><td rowspan="1">1506</td></tr><tr class="passedeven"><td><a href="#m33">deleteUser_shouldMatchJsonSchema</a></td><td rowspan="1">1732975175450</td><td rowspan="1">69</td></tr><tr class="passedeven"><td><a href="#m34">deleteUser_shouldRespondWithinExpectedTime</a></td><td rowspan="1">1732975175405</td><td rowspan="1">2</td></tr><tr class="passedeven"><td><a href="#m35">deleteUser_shouldReturn200StatusCode</a></td><td rowspan="1">1732975173935</td><td rowspan="1">1466</td></tr><tr class="passedeven"><td><a href="#m36">deleteUser_shouldReturnCorrectFieldValues</a></td><td rowspan="1">1732975175415</td><td rowspan="1">31</td></tr><tr class="passedeven"><td><a href="#m37">deleteUser_shouldReturnValidResponseFieldTypes</a></td><td rowspan="1">1732975175410</td><td rowspan="1">2</td></tr><tr class="passedeven"><td><a href="#m38">getUser_shouldReturn200StatusCode</a></td><td rowspan="1">1732975160417</td><td rowspan="1">1988</td></tr><tr class="passedeven"><td><a href="#m39">getUser_shouldReturnCorrectContentTypeHeader</a></td><td rowspan="1">1732975162415</td><td rowspan="1">2</td></tr><tr class="passedeven"><td><a href="#m40">getUser_shouldReturnCorrectFieldValues</a></td><td rowspan="1">1732975162427</td><td rowspan="1">132</td></tr><tr class="passedeven"><td><a href="#m41">getUser_shouldReturnValidResponseFieldTypes</a></td><td rowspan="1">1732975162421</td><td rowspan="1">2</td></tr><tr class="passedeven"><td><a href="#m42">loginUser_shouldMatchJsonSchema</a></td><td rowspan="1">1732975172235</td><td rowspan="1">62</td></tr><tr class="passedeven"><td><a href="#m43">loginUser_shouldRespondWithinExpectedTime</a></td><td rowspan="1">1732975172159</td><td rowspan="1">2</td></tr><tr class="passedeven"><td><a href="#m44">loginUser_shouldReturn200StatusCode</a></td><td rowspan="1">1732975170742</td><td rowspan="1">1412</td></tr><tr class="passedeven"><td><a href="#m45">loginUser_shouldReturnCorrectContentTypeHeader</a></td><td rowspan="1">1732975172165</td><td rowspan="1">11</td></tr><tr class="passedeven"><td><a href="#m46">loginUser_shouldReturnCorrectFieldValues</a></td><td rowspan="1">1732975172186</td><td rowspan="1">45</td></tr><tr class="passedeven"><td><a href="#m47">loginUser_shouldReturnValidResponseFieldTypes</a></td><td rowspan="1">1732975172180</td><td rowspan="1">2</td></tr><tr class="passedeven"><td><a href="#m48">logoutUser_shouldMatchJsonSchema</a></td><td rowspan="1">1732975173867</td><td rowspan="1">65</td></tr><tr class="passedeven"><td><a href="#m49">logoutUser_shouldRespondWithinExpectedTime</a></td><td rowspan="1">1732975173808</td><td rowspan="1">2</td></tr><tr class="passedeven"><td><a href="#m50">logoutUser_shouldReturn200StatusCode</a></td><td rowspan="1">1732975172301</td><td rowspan="1">1504</td></tr><tr class="passedeven"><td><a href="#m51">logoutUser_shouldReturnCorrectContentTypeHeader</a></td><td rowspan="1">1732975173815</td><td rowspan="1">2</td></tr><tr class="passedeven"><td><a href="#m52">logoutUser_shouldReturnCorrectFieldValues</a></td><td rowspan="1">1732975173829</td><td rowspan="1">33</td></tr><tr class="passedeven"><td><a href="#m53">logoutUser_shouldReturnValidResponseFieldTypes</a></td><td rowspan="1">1732975173821</td><td rowspan="1">3</td></tr><tr class="passedeven"><td><a href="#m54">updateUser_shouldReturn200StatusCode</a></td><td rowspan="1">1732975162563</td><td rowspan="1">6471</td></tr><tr class="passedeven"><td><a href="#m55">updateUser_shouldReturnCorrectContentTypeHeader</a></td><td rowspan="1">1732975169045</td><td rowspan="1">1</td></tr><tr class="passedeven"><td><a href="#m56">updateUser_withInvalidUsername_shouldHandleGracefully</a></td><td rowspan="1">1732975169237</td><td rowspan="1">1501</td></tr></tbody>
</table>
<h2>Surefire test</h2><h3 id="m0">api.test.PetTest#deleberatlyFailTest</h3><table class="result"><tr><th>Exception</th></tr><tr><td><div class="stacktrace">java.lang.AssertionError: null
	at api.test.PetTest.deleberatlyFailTest(PetTest.java:578)
	at java.base/java.util.ArrayList.forEach(ArrayList.java:1511)
... Removed 34 stack frames</div></td></tr></table><p class="totop"><a href="#summary">back to summary</a></p>
<h3 id="m1">api.test.PetTest#testAddNewPetPostResponse</h3><table class="result"><tr class="param"><th>Parameter #1</th><th>Parameter #2</th><th>Parameter #3</th><th>Parameter #4</th><th>Parameter #5</th><th>Parameter #6</th><th>Parameter #7</th><th>Parameter #8</th><th>Parameter #9</th></tr><tr class="param stripe"><td>10</td><td>123</td><td>Bird</td><td>Sona</td><td>www.google.com</td><td>www.facebook.com</td><td>10</td><td>Red</td><td>available</td></tr><tr><th colspan="9">Exception</th></tr><tr><td colspan="9"><div class="stacktrace">java.lang.AssertionError: Response time is outside the expected range (200-3000ms). expected [true] but found [false]
	at api.test.PetTest.testAddNewPetPostResponse(PetTest.java:119)
	at java.base/java.util.ArrayList.forEach(ArrayList.java:1511)
... Removed 35 stack frames</div></td></tr></table><p class="totop"><a href="#summary">back to summary</a></p>
<h3 id="m2">api.test.PetTest#testDeletePetDeleteResponse</h3><table class="result"><tr><th>Exception</th></tr><tr><td><div class="stacktrace">java.lang.AssertionError: null
	at api.test.PetTest.testDeletePetDeleteResponse(PetTest.java:556)
	at java.base/java.util.ArrayList.forEach(ArrayList.java:1511)
... Removed 34 stack frames</div></td></tr></table><p class="totop"><a href="#summary">back to summary</a></p>
<h3 id="m3">api.test.PetTest#testFindPetByPetIDGetResponse</h3><table class="result"><tr class="param"><th>Parameter #1</th><th>Parameter #2</th><th>Parameter #3</th><th>Parameter #4</th><th>Parameter #5</th><th>Parameter #6</th><th>Parameter #7</th><th>Parameter #8</th><th>Parameter #9</th></tr><tr class="param stripe"><td>30</td><td>345</td><td>Fish</td><td>Goldy</td><td>www.google.com</td><td>www.facebook.com</td><td>30</td><td>Golden</td><td>sold</td></tr><tr><th colspan="9">Exception</th></tr><tr><td colspan="9"><div class="stacktrace">java.lang.AssertionError: null
	at api.test.PetTest.testFindPetByPetIDGetResponse(PetTest.java:390)
	at java.base/java.util.ArrayList.forEach(ArrayList.java:1511)
... Removed 34 stack frames</div></td></tr></table><p class="totop"><a href="#summary">back to summary</a></p>
<h3 id="m4">api.test.PetTest#testFindPetByStatusGetResponse</h3><table class="result"><tr><th>Exception</th></tr><tr><td><div class="stacktrace">org.json.JSONException: JSONObject[&quot;name&quot;] not found.
	at org.json.JSONObject.get(JSONObject.java:596)
	at api.test.PetTest.testFindPetByStatusGetResponse(PetTest.java:285)
	at java.base/java.util.ArrayList.forEach(ArrayList.java:1511)
... Removed 32 stack frames</div></td></tr></table><p class="totop"><a href="#summary">back to summary</a></p>
<h3 id="m5">api.test.PetTest#testUpdatePetPostResponse</h3><table class="result"><tr><th>Exception</th></tr><tr><td><div class="stacktrace">java.lang.NullPointerException: Cannot invoke &quot;Object.toString()&quot; because the return value of &quot;io.restassured.response.ExtractableResponse.path(String, String[])&quot; is null
	at api.test.PetTest.testUpdatePetPostResponse(PetTest.java:430)
	at java.base/java.util.ArrayList.forEach(ArrayList.java:1511)
... Removed 32 stack frames</div></td></tr></table><p class="totop"><a href="#summary">back to summary</a></p>
<h3 id="m6">api.test.PetTest#testUploadPetImagePostResponse</h3><table class="result"><tr><th>Exception</th></tr><tr><td><div class="stacktrace">java.lang.AssertionError: null
	at api.test.PetTest.testUploadPetImagePostResponse(PetTest.java:498)
	at java.base/java.util.ArrayList.forEach(ArrayList.java:1511)
... Removed 34 stack frames</div></td></tr></table><p class="totop"><a href="#summary">back to summary</a></p>
<h3 id="m7">api.test.StoreTest#testDeleteStoreOrderResponse</h3><table class="result"><tr><th>Exception</th></tr><tr><td><div class="stacktrace">java.lang.AssertionError: Expected status code is 200. expected [200] but found [404]
	at api.test.StoreTest.testDeleteStoreOrderResponse(StoreTest.java:365)
	at java.base/java.util.ArrayList.forEach(ArrayList.java:1511)
... Removed 38 stack frames</div></td></tr></table><p class="totop"><a href="#summary">back to summary</a></p>
<h3 id="m8">api.test.StoreTest#testGetStoreInventoriesResponse</h3><table class="result"><tr><th>Exception</th></tr><tr><td><div class="stacktrace">java.lang.AssertionError: 1 expectation failed.
Response body doesn&apos;t match expectation.
Expected: The content to match the given JSON schema.
error: object instance has properties which are not allowed by the schema: [&quot;array&quot;,&quot;capacitor&quot;,&quot;driver&quot;,&quot;feed&quot;,&quot;hard drive&quot;,&quot;not available&quot;,&quot;pending&quot;,&quot;program&quot;,&quot;send&quot;,&quot;transmitter&quot;,&quot;unavailable&quot;]
    level: &quot;error&quot;
    schema: {&quot;loadingURI&quot;:&quot;#&quot;,&quot;pointer&quot;:&quot;/definitions/Welcome8&quot;}
    instance: {&quot;pointer&quot;:&quot;&quot;}
    domain: &quot;validation&quot;
    keyword: &quot;additionalProperties&quot;
    unwanted: [&quot;array&quot;,&quot;capacitor&quot;,&quot;driver&quot;,&quot;feed&quot;,&quot;hard drive&quot;,&quot;not available&quot;,&quot;pending&quot;,&quot;program&quot;,&quot;send&quot;,&quot;transmitter&quot;,&quot;unavailable&quot;]
error: object has missing required properties ([&quot;placed&quot;,&quot;ratvelleg&quot;,&quot;status&quot;])
    level: &quot;error&quot;
    schema: {&quot;loadingURI&quot;:&quot;#&quot;,&quot;pointer&quot;:&quot;/definitions/Welcome8&quot;}
    instance: {&quot;pointer&quot;:&quot;&quot;}
    domain: &quot;validation&quot;
    keyword: &quot;required&quot;
    required: [&quot;available&quot;,&quot;placed&quot;,&quot;ratvelleg&quot;,&quot;sold&quot;,&quot;status&quot;,&quot;string&quot;]
    missing: [&quot;placed&quot;,&quot;ratvelleg&quot;,&quot;status&quot;]

  Actual: {&quot;sold&quot;:7,&quot;string&quot;:733,&quot;unavailable&quot;:2,&quot;pending&quot;:3,&quot;available&quot;:195,&quot;program&quot;:1,&quot;capacitor&quot;:3,&quot;feed&quot;:2,&quot;driver&quot;:1,&quot;array&quot;:1,&quot;not available&quot;:1,&quot;send&quot;:4,&quot;transmitter&quot;:1,&quot;hard drive&quot;:1}

	at org.codehaus.groovy.runtime.callsite.ConstructorSite$ConstructorSiteNoUnwrapNoCoerce.callConstructor(ConstructorSite.java:108)
	at org.codehaus.groovy.runtime.callsite.CallSiteArray.defaultCallConstructor(CallSiteArray.java:57)
	at org.codehaus.groovy.runtime.callsite.AbstractCallSite.callConstructor(AbstractCallSite.java:263)
	at org.codehaus.groovy.runtime.callsite.AbstractCallSite.callConstructor(AbstractCallSite.java:277)
	at io.restassured.internal.ResponseSpecificationImpl$HamcrestAssertionClosure.validate(ResponseSpecificationImpl.groovy:512)
	at io.restassured.internal.ResponseSpecificationImpl$HamcrestAssertionClosure$validate$1.call(Unknown Source)
	at io.restassured.internal.ResponseSpecificationImpl.validateResponseIfRequired(ResponseSpecificationImpl.groovy:696)
	at io.restassured.internal.ResponseSpecificationImpl.this$2$validateResponseIfRequired(ResponseSpecificationImpl.groovy)
	at org.codehaus.groovy.runtime.callsite.PlainObjectMetaMethodSite.doInvoke(PlainObjectMetaMethodSite.java:43)
	at org.codehaus.groovy.runtime.callsite.PogoMetaMethodSite$PogoCachedMethodSiteNoUnwrapNoCoerce.invoke(PogoMetaMethodSite.java:198)
	at org.codehaus.groovy.runtime.callsite.PogoMetaMethodSite.callCurrent(PogoMetaMethodSite.java:62)
	at org.codehaus.groovy.runtime.callsite.AbstractCallSite.callCurrent(AbstractCallSite.java:185)
	at io.restassured.internal.ResponseSpecificationImpl.body(ResponseSpecificationImpl.groovy:107)
	at io.restassured.internal.ValidatableResponseOptionsImpl.body(ValidatableResponseOptionsImpl.java:238)
	at api.test.StoreTest.testGetStoreInventoriesResponse(StoreTest.java:278)
	at java.base/java.util.ArrayList.forEach(ArrayList.java:1511)
... Removed 42 stack frames</div></td></tr></table><p class="totop"><a href="#summary">back to summary</a></p>
<h3 id="m9">api.test.StoreTest#testGetStoreOrderResponse</h3><table class="result"><tr><th>Exception</th></tr><tr><td><div class="stacktrace">java.lang.AssertionError: Response time is outside the expected range (200-2000ms). expected [true] but found [false]
	at api.test.StoreTest.testGetStoreOrderResponse(StoreTest.java:177)
	at java.base/java.util.ArrayList.forEach(ArrayList.java:1511)
... Removed 35 stack frames</div></td></tr></table><p class="totop"><a href="#summary">back to summary</a></p>
<h3 id="m10">api.test.UserTest#deletedUser_shouldNotBeFetched_shouldReturn404Error</h3><table class="result"><tr><th>Exception</th></tr><tr><td><div class="stacktrace">java.lang.AssertionError: Response time is outside the expected range (200-2000ms). expected [true] but found [false]
	at api.test.UserTest.deletedUser_shouldNotBeFetched_shouldReturn404Error(UserTest.java:1376)
	at java.base/java.util.ArrayList.forEach(ArrayList.java:1511)
... Removed 35 stack frames</div></td></tr></table><p class="totop"><a href="#summary">back to summary</a></p>
<h3 id="m11">api.test.UserTest#getUser_shouldRespondWithinExpectedTime</h3><table class="result"><tr><th>Exception</th></tr><tr><td><div class="stacktrace">java.lang.AssertionError: Response time is outside the expected range. expected [true] but found [false]
	at api.test.UserTest.getUser_shouldRespondWithinExpectedTime(UserTest.java:367)
	at java.base/java.util.ArrayList.forEach(ArrayList.java:1511)
... Removed 35 stack frames</div></td></tr></table><p class="totop"><a href="#summary">back to summary</a></p>
<h3 id="m12">api.test.UserTest#updateUser_shouldMatchJsonSchema</h3><table class="result"><tr><th>Exception</th></tr><tr><td><div class="stacktrace">java.lang.AssertionError: 1 expectation failed.
Response body doesn&apos;t match expectation.
Expected: The content to match the given JSON schema.
error: object instance has properties which are not allowed by the schema: [&quot;code&quot;,&quot;message&quot;,&quot;type&quot;]
    level: &quot;error&quot;
    schema: {&quot;loadingURI&quot;:&quot;#&quot;,&quot;pointer&quot;:&quot;/definitions/Welcome2&quot;}
    instance: {&quot;pointer&quot;:&quot;&quot;}
    domain: &quot;validation&quot;
    keyword: &quot;additionalProperties&quot;
    unwanted: [&quot;code&quot;,&quot;message&quot;,&quot;type&quot;]
error: object has missing required properties ([&quot;email&quot;,&quot;firstName&quot;,&quot;id&quot;,&quot;lastName&quot;,&quot;password&quot;,&quot;phone&quot;,&quot;userStatus&quot;,&quot;username&quot;])
    level: &quot;error&quot;
    schema: {&quot;loadingURI&quot;:&quot;#&quot;,&quot;pointer&quot;:&quot;/definitions/Welcome2&quot;}
    instance: {&quot;pointer&quot;:&quot;&quot;}
    domain: &quot;validation&quot;
    keyword: &quot;required&quot;
    required: [&quot;email&quot;,&quot;firstName&quot;,&quot;id&quot;,&quot;lastName&quot;,&quot;password&quot;,&quot;phone&quot;,&quot;userStatus&quot;,&quot;username&quot;]
    missing: [&quot;email&quot;,&quot;firstName&quot;,&quot;id&quot;,&quot;lastName&quot;,&quot;password&quot;,&quot;phone&quot;,&quot;userStatus&quot;,&quot;username&quot;]

  Actual: {&quot;code&quot;:200,&quot;type&quot;:&quot;unknown&quot;,&quot;message&quot;:&quot;1777178337&quot;}

	at org.codehaus.groovy.runtime.callsite.ConstructorSite$ConstructorSiteNoUnwrapNoCoerce.callConstructor(ConstructorSite.java:108)
	at org.codehaus.groovy.runtime.callsite.AbstractCallSite.callConstructor(AbstractCallSite.java:277)
	at io.restassured.internal.ResponseSpecificationImpl$HamcrestAssertionClosure.validate(ResponseSpecificationImpl.groovy:512)
	at io.restassured.internal.ResponseSpecificationImpl$HamcrestAssertionClosure$validate$1.call(Unknown Source)
	at io.restassured.internal.ResponseSpecificationImpl.validateResponseIfRequired(ResponseSpecificationImpl.groovy:696)
	at io.restassured.internal.ResponseSpecificationImpl.this$2$validateResponseIfRequired(ResponseSpecificationImpl.groovy)
	at org.codehaus.groovy.runtime.callsite.PlainObjectMetaMethodSite.doInvoke(PlainObjectMetaMethodSite.java:43)
	at org.codehaus.groovy.runtime.callsite.PogoMetaMethodSite$PogoCachedMethodSiteNoUnwrapNoCoerce.invoke(PogoMetaMethodSite.java:198)
	at org.codehaus.groovy.runtime.callsite.PogoMetaMethodSite.callCurrent(PogoMetaMethodSite.java:62)
	at org.codehaus.groovy.runtime.callsite.AbstractCallSite.callCurrent(AbstractCallSite.java:185)
	at io.restassured.internal.ResponseSpecificationImpl.body(ResponseSpecificationImpl.groovy:107)
	at io.restassured.internal.ValidatableResponseOptionsImpl.body(ValidatableResponseOptionsImpl.java:238)
	at api.test.UserTest.updateUser_shouldMatchJsonSchema(UserTest.java:733)
	at java.base/java.util.ArrayList.forEach(ArrayList.java:1511)
... Removed 42 stack frames</div></td></tr></table><p class="totop"><a href="#summary">back to summary</a></p>
<h3 id="m13">api.test.UserTest#updateUser_shouldRespondWithinExpectedTime</h3><table class="result"><tr><th>Exception</th></tr><tr><td><div class="stacktrace">java.lang.AssertionError: Response time is outside the expected range (200-2000ms). expected [true] but found [false]
	at api.test.UserTest.updateUser_shouldRespondWithinExpectedTime(UserTest.java:593)
	at java.base/java.util.ArrayList.forEach(ArrayList.java:1511)
... Removed 35 stack frames</div></td></tr></table><p class="totop"><a href="#summary">back to summary</a></p>
<h3 id="m14">api.test.UserTest#updateUser_shouldReturnCorrectFieldValues</h3><table class="result"><tr><th>Exception</th></tr><tr><td><div class="stacktrace">java.lang.NullPointerException: Cannot invoke &quot;java.lang.Integer.intValue()&quot; because the return value of &quot;io.restassured.response.ExtractableResponse.path(String, String[])&quot; is null
	at api.test.UserTest.updateUser_shouldReturnCorrectFieldValues(UserTest.java:694)
	at java.base/java.util.ArrayList.forEach(ArrayList.java:1511)
... Removed 32 stack frames</div></td></tr></table><p class="totop"><a href="#summary">back to summary</a></p>
<h3 id="m15">api.test.UserTest#updateUser_shouldReturnValidResponseFieldTypes</h3><table class="result"><tr><th>Exception</th></tr><tr><td><div class="stacktrace">org.json.JSONException: JSONObject[&quot;id&quot;] not found.
	at org.json.JSONObject.get(JSONObject.java:596)
	at api.test.UserTest.updateUser_shouldReturnValidResponseFieldTypes(UserTest.java:655)
	at java.base/java.util.ArrayList.forEach(ArrayList.java:1511)
... Removed 32 stack frames</div></td></tr></table><p class="totop"><a href="#summary">back to summary</a></p>
<h3 id="m16">api.test.PetTest#deleberatlySkippedTest1</h3><table class="result"><tr><th>Exception</th></tr><tr><td><div class="stacktrace">java.lang.Throwable: Method api.test.PetTest.deleberatlySkippedTest1() on instance api.test.PetTest@5a63f509 depends on not successfully finished methods 
[api.test.PetTest.deleberatlyFailTest() on instance api.test.PetTest@5a63f509]
	at java.base/java.util.ArrayList.forEach(ArrayList.java:1511)
... Removed 23 stack frames</div></td></tr></table><p class="totop"><a href="#summary">back to summary</a></p>
<h3 id="m17">api.test.PetTest#deleberatlySkippedTest2</h3><table class="result"><tr><th>Exception</th></tr><tr><td><div class="stacktrace">java.lang.Throwable: Method api.test.PetTest.deleberatlySkippedTest2() on instance api.test.PetTest@5a63f509 depends on not successfully finished methods 
[api.test.PetTest.deleberatlyFailTest() on instance api.test.PetTest@5a63f509]
	at java.base/java.util.ArrayList.forEach(ArrayList.java:1511)
... Removed 23 stack frames</div></td></tr></table><p class="totop"><a href="#summary">back to summary</a></p>
<h3 id="m18">api.test.PetTest#testAddNewPetPostResponse</h3><table class="result"><tr class="param"><th>Parameter #1</th><th>Parameter #2</th><th>Parameter #3</th><th>Parameter #4</th><th>Parameter #5</th><th>Parameter #6</th><th>Parameter #7</th><th>Parameter #8</th><th>Parameter #9</th></tr><tr class="param stripe"><td>20</td><td>234</td><td>Animal</td><td>Lucky</td><td>www.google.com</td><td>www.facebook.com</td><td>20</td><td>Black</td><td>pending</td></tr></table><p class="totop"><a href="#summary">back to summary</a></p>
<h3 id="m19">api.test.PetTest#testAddNewPetPostResponse</h3><table class="result"><tr class="param"><th>Parameter #1</th><th>Parameter #2</th><th>Parameter #3</th><th>Parameter #4</th><th>Parameter #5</th><th>Parameter #6</th><th>Parameter #7</th><th>Parameter #8</th><th>Parameter #9</th></tr><tr class="param stripe"><td>30</td><td>345</td><td>Fish</td><td>Goldy</td><td>www.google.com</td><td>www.facebook.com</td><td>30</td><td>Golden</td><td>sold</td></tr></table><p class="totop"><a href="#summary">back to summary</a></p>
<h3 id="m20">api.test.PetTest#testFindPetByPetIDGetResponse</h3><table class="result"><tr class="param"><th>Parameter #1</th><th>Parameter #2</th><th>Parameter #3</th><th>Parameter #4</th><th>Parameter #5</th><th>Parameter #6</th><th>Parameter #7</th><th>Parameter #8</th><th>Parameter #9</th></tr><tr class="param stripe"><td>20</td><td>234</td><td>Animal</td><td>Lucky</td><td>www.google.com</td><td>www.facebook.com</td><td>20</td><td>Black</td><td>pending</td></tr></table><p class="totop"><a href="#summary">back to summary</a></p>
<h3 id="m21">api.test.PetTest#testFindPetByPetIDGetResponse</h3><table class="result"><tr class="param"><th>Parameter #1</th><th>Parameter #2</th><th>Parameter #3</th><th>Parameter #4</th><th>Parameter #5</th><th>Parameter #6</th><th>Parameter #7</th><th>Parameter #8</th><th>Parameter #9</th></tr><tr class="param stripe"><td>10</td><td>123</td><td>Bird</td><td>Sona</td><td>www.google.com</td><td>www.facebook.com</td><td>10</td><td>Red</td><td>available</td></tr></table><p class="totop"><a href="#summary">back to summary</a></p>
<h3 id="m22">api.test.PetTest#testUpdateExistingPetPutResponse</h3><table class="result"><tr class="param"><th>Parameter #1</th><th>Parameter #2</th><th>Parameter #3</th><th>Parameter #4</th><th>Parameter #5</th><th>Parameter #6</th><th>Parameter #7</th><th>Parameter #8</th><th>Parameter #9</th></tr><tr class="param stripe"><td>10</td><td>123</td><td>Bird555</td><td>Sona</td><td>www.google.com</td><td>www.facebook.com</td><td>11</td><td>Red</td><td>available</td></tr></table><p class="totop"><a href="#summary">back to summary</a></p>
<h3 id="m23">api.test.PetTest#testUpdateExistingPetPutResponse</h3><table class="result"><tr class="param"><th>Parameter #1</th><th>Parameter #2</th><th>Parameter #3</th><th>Parameter #4</th><th>Parameter #5</th><th>Parameter #6</th><th>Parameter #7</th><th>Parameter #8</th><th>Parameter #9</th></tr><tr class="param stripe"><td>20</td><td>234</td><td>Animal555</td><td>Lucky</td><td>www.google.com</td><td>www.facebook.com</td><td>22</td><td>Black</td><td>pending</td></tr></table><p class="totop"><a href="#summary">back to summary</a></p>
<h3 id="m24">api.test.PetTest#testUpdateExistingPetPutResponse</h3><table class="result"><tr class="param"><th>Parameter #1</th><th>Parameter #2</th><th>Parameter #3</th><th>Parameter #4</th><th>Parameter #5</th><th>Parameter #6</th><th>Parameter #7</th><th>Parameter #8</th><th>Parameter #9</th></tr><tr class="param stripe"><td>30</td><td>345</td><td>Fish555</td><td>Goldy</td><td>www.google.com</td><td>www.facebook.com</td><td>33</td><td>Golden</td><td>sold</td></tr></table><p class="totop"><a href="#summary">back to summary</a></p>
<h3 id="m25">api.test.StoreTest#testPostStoreResponse</h3><table class="result"><tr><th class="invisible"/></tr></table><p class="totop"><a href="#summary">back to summary</a></p>
<h3 id="m26">api.test.UserTest#createUser_shouldMatchJsonSchema</h3><table class="result"><tr><th class="invisible"/></tr></table><p class="totop"><a href="#summary">back to summary</a></p>
<h3 id="m27">api.test.UserTest#createUser_shouldRespondWithinExpectedTime</h3><table class="result"><tr><th class="invisible"/></tr></table><p class="totop"><a href="#summary">back to summary</a></p>
<h3 id="m28">api.test.UserTest#createUser_shouldReturn200StatusCode</h3><table class="result"><tr><th class="invisible"/></tr></table><p class="totop"><a href="#summary">back to summary</a></p>
<h3 id="m29">api.test.UserTest#createUser_shouldReturnCorrectContentTypeHeader</h3><table class="result"><tr><th class="invisible"/></tr></table><p class="totop"><a href="#summary">back to summary</a></p>
<h3 id="m30">api.test.UserTest#createUser_shouldReturnCorrectFieldValues</h3><table class="result"><tr><th class="invisible"/></tr></table><p class="totop"><a href="#summary">back to summary</a></p>
<h3 id="m31">api.test.UserTest#createUser_shouldReturnValidResponseFieldTypes</h3><table class="result"><tr><th class="invisible"/></tr></table><p class="totop"><a href="#summary">back to summary</a></p>
<h3 id="m32">api.test.UserTest#createUsersInBulk_shouldReturn200StatusCode</h3><table class="result"><tr><th class="invisible"/></tr></table><p class="totop"><a href="#summary">back to summary</a></p>
<h3 id="m33">api.test.UserTest#deleteUser_shouldMatchJsonSchema</h3><table class="result"><tr><th class="invisible"/></tr></table><p class="totop"><a href="#summary">back to summary</a></p>
<h3 id="m34">api.test.UserTest#deleteUser_shouldRespondWithinExpectedTime</h3><table class="result"><tr><th class="invisible"/></tr></table><p class="totop"><a href="#summary">back to summary</a></p>
<h3 id="m35">api.test.UserTest#deleteUser_shouldReturn200StatusCode</h3><table class="result"><tr><th class="invisible"/></tr></table><p class="totop"><a href="#summary">back to summary</a></p>
<h3 id="m36">api.test.UserTest#deleteUser_shouldReturnCorrectFieldValues</h3><table class="result"><tr><th class="invisible"/></tr></table><p class="totop"><a href="#summary">back to summary</a></p>
<h3 id="m37">api.test.UserTest#deleteUser_shouldReturnValidResponseFieldTypes</h3><table class="result"><tr><th class="invisible"/></tr></table><p class="totop"><a href="#summary">back to summary</a></p>
<h3 id="m38">api.test.UserTest#getUser_shouldReturn200StatusCode</h3><table class="result"><tr><th class="invisible"/></tr></table><p class="totop"><a href="#summary">back to summary</a></p>
<h3 id="m39">api.test.UserTest#getUser_shouldReturnCorrectContentTypeHeader</h3><table class="result"><tr><th class="invisible"/></tr></table><p class="totop"><a href="#summary">back to summary</a></p>
<h3 id="m40">api.test.UserTest#getUser_shouldReturnCorrectFieldValues</h3><table class="result"><tr><th class="invisible"/></tr></table><p class="totop"><a href="#summary">back to summary</a></p>
<h3 id="m41">api.test.UserTest#getUser_shouldReturnValidResponseFieldTypes</h3><table class="result"><tr><th class="invisible"/></tr></table><p class="totop"><a href="#summary">back to summary</a></p>
<h3 id="m42">api.test.UserTest#loginUser_shouldMatchJsonSchema</h3><table class="result"><tr><th class="invisible"/></tr></table><p class="totop"><a href="#summary">back to summary</a></p>
<h3 id="m43">api.test.UserTest#loginUser_shouldRespondWithinExpectedTime</h3><table class="result"><tr><th class="invisible"/></tr></table><p class="totop"><a href="#summary">back to summary</a></p>
<h3 id="m44">api.test.UserTest#loginUser_shouldReturn200StatusCode</h3><table class="result"><tr><th class="invisible"/></tr></table><p class="totop"><a href="#summary">back to summary</a></p>
<h3 id="m45">api.test.UserTest#loginUser_shouldReturnCorrectContentTypeHeader</h3><table class="result"><tr><th class="invisible"/></tr></table><p class="totop"><a href="#summary">back to summary</a></p>
<h3 id="m46">api.test.UserTest#loginUser_shouldReturnCorrectFieldValues</h3><table class="result"><tr><th class="invisible"/></tr></table><p class="totop"><a href="#summary">back to summary</a></p>
<h3 id="m47">api.test.UserTest#loginUser_shouldReturnValidResponseFieldTypes</h3><table class="result"><tr><th class="invisible"/></tr></table><p class="totop"><a href="#summary">back to summary</a></p>
<h3 id="m48">api.test.UserTest#logoutUser_shouldMatchJsonSchema</h3><table class="result"><tr><th class="invisible"/></tr></table><p class="totop"><a href="#summary">back to summary</a></p>
<h3 id="m49">api.test.UserTest#logoutUser_shouldRespondWithinExpectedTime</h3><table class="result"><tr><th class="invisible"/></tr></table><p class="totop"><a href="#summary">back to summary</a></p>
<h3 id="m50">api.test.UserTest#logoutUser_shouldReturn200StatusCode</h3><table class="result"><tr><th class="invisible"/></tr></table><p class="totop"><a href="#summary">back to summary</a></p>
<h3 id="m51">api.test.UserTest#logoutUser_shouldReturnCorrectContentTypeHeader</h3><table class="result"><tr><th class="invisible"/></tr></table><p class="totop"><a href="#summary">back to summary</a></p>
<h3 id="m52">api.test.UserTest#logoutUser_shouldReturnCorrectFieldValues</h3><table class="result"><tr><th class="invisible"/></tr></table><p class="totop"><a href="#summary">back to summary</a></p>
<h3 id="m53">api.test.UserTest#logoutUser_shouldReturnValidResponseFieldTypes</h3><table class="result"><tr><th class="invisible"/></tr></table><p class="totop"><a href="#summary">back to summary</a></p>
<h3 id="m54">api.test.UserTest#updateUser_shouldReturn200StatusCode</h3><table class="result"><tr><th class="invisible"/></tr></table><p class="totop"><a href="#summary">back to summary</a></p>
<h3 id="m55">api.test.UserTest#updateUser_shouldReturnCorrectContentTypeHeader</h3><table class="result"><tr><th class="invisible"/></tr></table><p class="totop"><a href="#summary">back to summary</a></p>
<h3 id="m56">api.test.UserTest#updateUser_withInvalidUsername_shouldHandleGracefully</h3><table class="result"><tr><th class="invisible"/></tr></table><p class="totop"><a href="#summary">back to summary</a></p>
</body>
</html>
